#
# There is insufficient memory for the Java Runtime Environment to continue.
# Native memory allocation (malloc) failed to allocate 1804672 bytes for Chunk::new
# Possible reasons:
#   The system is out of physical RAM or swap space
#   The process is running with CompressedOops enabled, and the Java Heap may be blocking the growth of the native heap
# Possible solutions:
#   Reduce memory load on the system
#   Increase physical memory or swap space
#   Check if swap backing store is full
#   Decrease Java heap size (-Xmx/-Xms)
#   Decrease number of Java threads
#   Decrease Java thread stack sizes (-Xss)
#   Set larger code cache with -XX:ReservedCodeCacheSize=
#   JVM is running with Zero Based Compressed Oops mode in which the Java heap is
#     placed in the first 32GB address space. The Java Heap base address is the
#     maximum limit for the native heap growth. Please use -XX:HeapBaseMinAddress
#     to set the Java Heap base and to place the Java Heap above 32GB virtual address.
# This output file may be truncated or incomplete.
#
#  Out of Memory Error (allocation.cpp:390), pid=19244, tid=0x0000000000001a2c
#
# JRE version: Java(TM) SE Runtime Environment (8.0_201-b09) (build 1.8.0_201-b09)
# Java VM: Java HotSpot(TM) 64-Bit Server VM (25.201-b09 mixed mode windows-amd64 compressed oops)
# Failed to write core dump. Minidumps are not enabled by default on client versions of Windows
#

---------------  T H R E A D  ---------------

Current thread (0x000000001e66f800):  JavaThread "C2 CompilerThread2" daemon [_thread_in_native, id=6700, stack(0x000000001f130000,0x000000001f230000)]

Stack: [0x000000001f130000,0x000000001f230000]
[error occurred during error reporting (printing stack bounds), id 0xc0000005]

Native frames: (J=compiled Java code, j=interpreted, Vv=VM code, C=native code)


Current CompileTask:
C2: 137299 7595       4       org.springframework.asm.ClassReader::readMethod (1130 bytes)


---------------  P R O C E S S  ---------------

Java Threads: ( => current thread )
  0x0000000022ac6000 JavaThread "HikariPool-4 housekeeper" daemon [_thread_blocked, id=18104, stack(0x0000000032f10000,0x0000000033010000)]
  0x0000000022ac0800 JavaThread "container-1" [_thread_blocked, id=3672, stack(0x0000000032e10000,0x0000000032f10000)]
  0x0000000022ac3800 JavaThread "ContainerBackgroundProcessor[StandardEngine[Tomcat-1]]" daemon [_thread_blocked, id=18436, stack(0x0000000032d10000,0x0000000032e10000)]
  0x0000000022ac1800 JavaThread "localhost-startStop-1" daemon [_thread_blocked, id=932, stack(0x0000000032c10000,0x0000000032d10000)]
  0x0000000022ac5000 JavaThread "Tomcat-1-startStop-1" daemon [_thread_blocked, id=192, stack(0x0000000032b10000,0x0000000032c10000)]
  0x0000000022ac4800 JavaThread "restartedMain" [_thread_in_native_trans, id=5224, stack(0x0000000032910000,0x0000000032a10000)]
  0x0000000022ac7800 JavaThread "Thread-21" [_thread_blocked, id=7052, stack(0x0000000032610000,0x0000000032710000)]
  0x0000000022ac0000 JavaThread "JMX server connection timeout 60" daemon [_thread_blocked, id=13588, stack(0x000000002ed10000,0x000000002ee10000)]
  0x0000000022ac2000 JavaThread "File Watcher" daemon [_thread_blocked, id=18864, stack(0x000000002e910000,0x000000002ea10000)]
  0x0000000022aca800 JavaThread "DestroyJavaVM" [_thread_blocked, id=18920, stack(0x0000000002cb0000,0x0000000002db0000)]
  0x0000000022ac3000 JavaThread "Live Reload Server" daemon [_thread_in_native, id=11460, stack(0x000000002a7f0000,0x000000002a8f0000)]
  0x0000000026096000 JavaThread "Abandoned connection cleanup thread" daemon [_thread_blocked, id=16476, stack(0x0000000027b60000,0x0000000027c60000)]
  0x0000000026092800 JavaThread "RMI Scheduler(0)" daemon [_thread_blocked, id=10788, stack(0x0000000027090000,0x0000000027190000)]
  0x0000000026091800 JavaThread "RMI TCP Connection(idle)" daemon [_thread_blocked, id=19352, stack(0x0000000026f90000,0x0000000027090000)]
  0x0000000022ccc000 JavaThread "RMI TCP Accept-0" daemon [_thread_in_native, id=972, stack(0x0000000025700000,0x0000000025800000)]
  0x000000001e6fc000 JavaThread "Service Thread" daemon [_thread_blocked, id=13564, stack(0x000000001f330000,0x000000001f430000)]
  0x000000001e676000 JavaThread "C1 CompilerThread3" daemon [_thread_blocked, id=7996, stack(0x000000001f230000,0x000000001f330000)]
=>0x000000001e66f800 JavaThread "C2 CompilerThread2" daemon [_thread_in_native, id=6700, stack(0x000000001f130000,0x000000001f230000)]
  0x000000001e66e000 JavaThread "C2 CompilerThread1" daemon [_thread_in_native, id=1620, stack(0x000000001f030000,0x000000001f130000)]
  0x000000001e66c000 JavaThread "C2 CompilerThread0" daemon [_thread_in_native, id=16516, stack(0x000000001ef30000,0x000000001f030000)]
  0x000000001e66a800 JavaThread "Attach Listener" daemon [_thread_blocked, id=4224, stack(0x000000001ee30000,0x000000001ef30000)]
  0x000000001c87e800 JavaThread "Signal Dispatcher" daemon [_thread_blocked, id=7852, stack(0x000000001ed30000,0x000000001ee30000)]
  0x000000001e650800 JavaThread "Finalizer" daemon [_thread_blocked, id=3820, stack(0x000000001eb30000,0x000000001ec30000)]
  0x0000000002eae000 JavaThread "Reference Handler" daemon [_thread_blocked, id=11016, stack(0x000000001ea30000,0x000000001eb30000)]

Other Threads:
  0x000000001c869800 VMThread [stack: 0x000000001e530000,0x000000001e630000] [id=18576]
  0x000000001e715800 WatcherThread [stack: 0x000000001f430000,0x000000001f530000] [id=15788]

VM state:not at safepoint (normal execution)

VM Mutex/Monitor currently owned by a thread:  ([mutex/lock_event])
[0x0000000002db3bd0] SystemDictionary_lock - owner thread: 0x0000000000000000

heap address: 0x00000006c2400000, size: 4060 MB, Compressed Oops mode: Zero based, Oop shift amount: 3
Narrow klass base: 0x0000000000000000, Narrow klass shift: 3
Compressed class space size: 1073741824 Address: 0x00000007c0000000

Heap:
 PSYoungGen      total 263168K, used 120499K [0x000000076b700000, 0x000000077db80000, 0x00000007c0000000)
  eden space 257536K, 46% used [0x000000076b700000,0x0000000772cacf00,0x000000077b280000)
  from space 5632K, 0% used [0x000000077b280000,0x000000077b280000,0x000000077b800000)
  to   space 20992K, 0% used [0x000000077c700000,0x000000077c700000,0x000000077db80000)
 ParOldGen       total 241152K, used 31829K [0x00000006c2400000, 0x00000006d0f80000, 0x000000076b700000)
  object space 241152K, 13% used [0x00000006c2400000,0x00000006c4315438,0x00000006d0f80000)
 Metaspace       used 62828K, capacity 65984K, committed 66072K, reserved 1105920K
  class space    used 8135K, capacity 8731K, committed 8752K, reserved 1048576K

Card table byte_map: [0x0000000012270000,0x0000000012a60000] byte_map_base: 0x000000000ec5e000

Marking Bits: (ParMarkBitMap*) 0x0000000072884ce0
 Begin Bits: [0x00000000137b0000, 0x0000000017720000)
 End Bits:   [0x0000000017720000, 0x000000001b690000)

Polling page: 0x00000000013a0000

CodeCache: size=245760Kb used=23998Kb max_used=23998Kb free=221761Kb
 bounds [0x0000000002eb0000, 0x0000000004640000, 0x0000000011eb0000]
 total_blobs=7202 nmethods=6612 adapters=501
 compilation: enabled

Compilation events (10 events):
Event: 137.278 Thread 0x000000001e676000 7853       2       org.hibernate.boot.model.naming.Identifier::hashCode (31 bytes)
Event: 137.279 Thread 0x000000001e676000 nmethod 7853 0x000000000463dd50 code [0x000000000463dee0, 0x000000000463e0c8]
Event: 137.279 Thread 0x000000001e676000 7854       1       org.hibernate.boot.model.relational.QualifiedNameParser$NameParts::getObjectName (5 bytes)
Event: 137.279 Thread 0x000000001e676000 nmethod 7854 0x000000000463e210 code [0x000000000463e360, 0x000000000463e470]
Event: 137.286 Thread 0x000000001e676000 7855   !   2       com.sun.proxy.$Proxy27::hashCode (32 bytes)
Event: 137.286 Thread 0x000000001e676000 nmethod 7855 0x000000000463e4d0 code [0x000000000463e660, 0x000000000463e938]
Event: 137.292 Thread 0x000000001e676000 7856       2       org.springframework.asm.MethodVisitor::visitLineNumber (17 bytes)
Event: 137.292 Thread 0x000000001e676000 nmethod 7856 0x000000000463eb10 code [0x000000000463ec80, 0x000000000463ee08]
Event: 137.296 Thread 0x000000001e676000 7857       2       java.lang.reflect.Constructor::hashCode (11 bytes)
Event: 137.297 Thread 0x000000001e676000 nmethod 7857 0x000000000463ee90 code [0x000000000463f000, 0x000000000463f1d8]

GC Heap History (10 events):
Event: 115.567 GC heap before
{Heap before GC invocations=15 (full 4):
 PSYoungGen      total 241664K, used 219648K [0x000000076b700000, 0x000000077bf80000, 0x00000007c0000000)
  eden space 219648K, 100% used [0x000000076b700000,0x0000000778d80000,0x0000000778d80000)
  from space 22016K, 0% used [0x000000077a300000,0x000000077a300000,0x000000077b880000)
  to   space 22016K, 0% used [0x0000000778d80000,0x0000000778d80000,0x000000077a300000)
 ParOldGen       total 241152K, used 32613K [0x00000006c2400000, 0x00000006d0f80000, 0x000000076b700000)
  object space 241152K, 13% used [0x00000006c2400000,0x00000006c43d9470,0x00000006d0f80000)
 Metaspace       used 61382K, capacity 64264K, committed 64408K, reserved 1105920K
  class space    used 8067K, capacity 8574K, committed 8624K, reserved 1048576K
Event: 115.574 GC heap after
Heap after GC invocations=15 (full 4):
 PSYoungGen      total 241664K, used 5587K [0x000000076b700000, 0x000000077dc80000, 0x00000007c0000000)
  eden space 219648K, 0% used [0x000000076b700000,0x000000076b700000,0x0000000778d80000)
  from space 22016K, 25% used [0x0000000778d80000,0x00000007792f4ee0,0x000000077a300000)
  to   space 21504K, 0% used [0x000000077c780000,0x000000077c780000,0x000000077dc80000)
 ParOldGen       total 241152K, used 32621K [0x00000006c2400000, 0x00000006d0f80000, 0x000000076b700000)
  object space 241152K, 13% used [0x00000006c2400000,0x00000006c43db470,0x00000006d0f80000)
 Metaspace       used 61382K, capacity 64264K, committed 64408K, reserved 1105920K
  class space    used 8067K, capacity 8574K, committed 8624K, reserved 1048576K
}
Event: 129.745 GC heap before
{Heap before GC invocations=16 (full 4):
 PSYoungGen      total 241664K, used 77819K [0x000000076b700000, 0x000000077dc80000, 0x00000007c0000000)
  eden space 219648K, 32% used [0x000000076b700000,0x000000076fd8a0c8,0x0000000778d80000)
  from space 22016K, 25% used [0x0000000778d80000,0x00000007792f4ee0,0x000000077a300000)
  to   space 21504K, 0% used [0x000000077c780000,0x000000077c780000,0x000000077dc80000)
 ParOldGen       total 241152K, used 32621K [0x00000006c2400000, 0x00000006d0f80000, 0x000000076b700000)
  object space 241152K, 13% used [0x00000006c2400000,0x00000006c43db470,0x00000006d0f80000)
 Metaspace       used 61884K, capacity 64918K, committed 65048K, reserved 1105920K
  class space    used 8092K, capacity 8634K, committed 8752K, reserved 1048576K
Event: 129.749 GC heap after
Heap after GC invocations=16 (full 4):
 PSYoungGen      total 279040K, used 4054K [0x000000076b700000, 0x000000077dc80000, 0x00000007c0000000)
  eden space 257536K, 0% used [0x000000076b700000,0x000000076b700000,0x000000077b280000)
  from space 21504K, 18% used [0x000000077c780000,0x000000077cb75ad0,0x000000077dc80000)
  to   space 21504K, 0% used [0x000000077b280000,0x000000077b280000,0x000000077c780000)
 ParOldGen       total 241152K, used 32629K [0x00000006c2400000, 0x00000006d0f80000, 0x000000076b700000)
  object space 241152K, 13% used [0x00000006c2400000,0x00000006c43dd470,0x00000006d0f80000)
 Metaspace       used 61884K, capacity 64918K, committed 65048K, reserved 1105920K
  class space    used 8092K, capacity 8634K, committed 8752K, reserved 1048576K
}
Event: 129.750 GC heap before
{Heap before GC invocations=17 (full 5):
 PSYoungGen      total 279040K, used 4054K [0x000000076b700000, 0x000000077dc80000, 0x00000007c0000000)
  eden space 257536K, 0% used [0x000000076b700000,0x000000076b700000,0x000000077b280000)
  from space 21504K, 18% used [0x000000077c780000,0x000000077cb75ad0,0x000000077dc80000)
  to   space 21504K, 0% used [0x000000077b280000,0x000000077b280000,0x000000077c780000)
 ParOldGen       total 241152K, used 32629K [0x00000006c2400000, 0x00000006d0f80000, 0x000000076b700000)
  object space 241152K, 13% used [0x00000006c2400000,0x00000006c43dd470,0x00000006d0f80000)
 Metaspace       used 61884K, capacity 64918K, committed 65048K, reserved 1105920K
  class space    used 8092K, capacity 8634K, committed 8752K, reserved 1048576K
Event: 129.915 GC heap after
Heap after GC invocations=17 (full 5):
 PSYoungGen      total 279040K, used 0K [0x000000076b700000, 0x000000077dc80000, 0x00000007c0000000)
  eden space 257536K, 0% used [0x000000076b700000,0x000000076b700000,0x000000077b280000)
  from space 21504K, 0% used [0x000000077c780000,0x000000077c780000,0x000000077dc80000)
  to   space 21504K, 0% used [0x000000077b280000,0x000000077b280000,0x000000077c780000)
 ParOldGen       total 241152K, used 30267K [0x00000006c2400000, 0x00000006d0f80000, 0x000000076b700000)
  object space 241152K, 12% used [0x00000006c2400000,0x00000006c418ef28,0x00000006d0f80000)
 Metaspace       used 61879K, capacity 64906K, committed 65048K, reserved 1105920K
  class space    used 8091K, capacity 8630K, committed 8752K, reserved 1048576K
}
Event: 136.416 GC heap before
{Heap before GC invocations=18 (full 5):
 PSYoungGen      total 279040K, used 179648K [0x000000076b700000, 0x000000077dc80000, 0x00000007c0000000)
  eden space 257536K, 69% used [0x000000076b700000,0x0000000776670238,0x000000077b280000)
  from space 21504K, 0% used [0x000000077c780000,0x000000077c780000,0x000000077dc80000)
  to   space 21504K, 0% used [0x000000077b280000,0x000000077b280000,0x000000077c780000)
 ParOldGen       total 241152K, used 30267K [0x00000006c2400000, 0x00000006d0f80000, 0x000000076b700000)
  object space 241152K, 12% used [0x00000006c2400000,0x00000006c418ef28,0x00000006d0f80000)
 Metaspace       used 62534K, capacity 65648K, committed 65816K, reserved 1105920K
  class space    used 8119K, capacity 8688K, committed 8752K, reserved 1048576K
Event: 136.421 GC heap after
Heap after GC invocations=18 (full 5):
 PSYoungGen      total 263168K, used 5125K [0x000000076b700000, 0x000000077db80000, 0x00000007c0000000)
  eden space 257536K, 0% used [0x000000076b700000,0x000000076b700000,0x000000077b280000)
  from space 5632K, 91% used [0x000000077b280000,0x000000077b781520,0x000000077b800000)
  to   space 20992K, 0% used [0x000000077c700000,0x000000077c700000,0x000000077db80000)
 ParOldGen       total 241152K, used 30275K [0x00000006c2400000, 0x00000006d0f80000, 0x000000076b700000)
  object space 241152K, 12% used [0x00000006c2400000,0x00000006c4190f28,0x00000006d0f80000)
 Metaspace       used 62534K, capacity 65648K, committed 65816K, reserved 1105920K
  class space    used 8119K, capacity 8688K, committed 8752K, reserved 1048576K
}
Event: 136.421 GC heap before
{Heap before GC invocations=19 (full 6):
 PSYoungGen      total 263168K, used 5125K [0x000000076b700000, 0x000000077db80000, 0x00000007c0000000)
  eden space 257536K, 0% used [0x000000076b700000,0x000000076b700000,0x000000077b280000)
  from space 5632K, 91% used [0x000000077b280000,0x000000077b781520,0x000000077b800000)
  to   space 20992K, 0% used [0x000000077c700000,0x000000077c700000,0x000000077db80000)
 ParOldGen       total 241152K, used 30275K [0x00000006c2400000, 0x00000006d0f80000, 0x000000076b700000)
  object space 241152K, 12% used [0x00000006c2400000,0x00000006c4190f28,0x00000006d0f80000)
 Metaspace       used 62534K, capacity 65648K, committed 65816K, reserved 1105920K
  class space    used 8119K, capacity 8688K, committed 8752K, reserved 1048576K
Event: 136.641 GC heap after
Heap after GC invocations=19 (full 6):
 PSYoungGen      total 263168K, used 0K [0x000000076b700000, 0x000000077db80000, 0x00000007c0000000)
  eden space 257536K, 0% used [0x000000076b700000,0x000000076b700000,0x000000077b280000)
  from space 5632K, 0% used [0x000000077b280000,0x000000077b280000,0x000000077b800000)
  to   space 20992K, 0% used [0x000000077c700000,0x000000077c700000,0x000000077db80000)
 ParOldGen       total 241152K, used 31829K [0x00000006c2400000, 0x00000006d0f80000, 0x000000076b700000)
  object space 241152K, 13% used [0x00000006c2400000,0x00000006c4315438,0x00000006d0f80000)
 Metaspace       used 62532K, capacity 65642K, committed 65816K, reserved 1105920K
  class space    used 8119K, capacity 8686K, committed 8752K, reserved 1048576K
}

Deoptimization events (10 events):
Event: 115.787 Thread 0x0000000022ac6000 Uncommon trap: reason=class_check action=maybe_recompile pc=0x0000000003fdb264 method=org.springframework.core.ResolvableType.calculateHashCode()I @ 23
Event: 115.791 Thread 0x0000000022ac6000 Uncommon trap: reason=class_check action=maybe_recompile pc=0x0000000003fdb264 method=org.springframework.core.ResolvableType.calculateHashCode()I @ 23
Event: 129.390 Thread 0x0000000022ac2000 Uncommon trap: reason=unstable_if action=reinterpret pc=0x0000000003179270 method=org.springframework.boot.devtools.filewatch.FileSnapshot.equals(Ljava/lang/Object;)Z @ 71
Event: 129.916 Thread 0x0000000024995000 Uncommon trap: reason=bimorphic action=maybe_recompile pc=0x0000000003f7e7e0 method=java.security.SecureClassLoader.getProtectionDomain(Ljava/security/CodeSource;)Ljava/security/ProtectionDomain; @ 33
Event: 130.349 Thread 0x0000000024995000 Uncommon trap: reason=bimorphic action=maybe_recompile pc=0x0000000003a504d0 method=java.util.Collections$SetFromMap.contains(Ljava/lang/Object;)Z @ 5
Event: 130.425 Thread 0x0000000024995000 Uncommon trap: reason=null_check action=maybe_recompile pc=0x000000000443a43c method=org.springframework.boot.context.properties.source.DefaultPropertyMapper.map(Lorg/springframework/boot/context/properties/source/ConfigurationPropertyName;)[Lorg/springfr
Event: 130.425 Thread 0x0000000024995000 Uncommon trap: reason=null_check action=maybe_recompile pc=0x000000000443a43c method=org.springframework.boot.context.properties.source.DefaultPropertyMapper.map(Lorg/springframework/boot/context/properties/source/ConfigurationPropertyName;)[Lorg/springfr
Event: 130.425 Thread 0x0000000024995000 Uncommon trap: reason=null_check action=maybe_recompile pc=0x000000000443a43c method=org.springframework.boot.context.properties.source.DefaultPropertyMapper.map(Lorg/springframework/boot/context/properties/source/ConfigurationPropertyName;)[Lorg/springfr
Event: 136.643 Thread 0x0000000022ac4800 Uncommon trap: reason=bimorphic action=maybe_recompile pc=0x0000000003f7e7e0 method=java.security.SecureClassLoader.getProtectionDomain(Ljava/security/CodeSource;)Ljava/security/ProtectionDomain; @ 33
Event: 137.168 Thread 0x0000000026095800 Uncommon trap: reason=bimorphic action=maybe_recompile pc=0x0000000004364568 method=java.util.HashMap.removeNode(ILjava/lang/Object;Ljava/lang/Object;ZZ)Ljava/util/HashMap$Node; @ 143

Classes redefined (0 events):
No events

Internal exceptions (10 events):
Event: 137.221 Thread 0x0000000022ac4800 Exception <a 'java/io/IOException'> (0x00000007724f22d8) thrown at [C:\re\workspace\8-2-build-windows-amd64-cygwin\jdk8u201\12322\hotspot\src\share\vm\prims\jni.cpp, line 709]
Event: 137.221 Thread 0x0000000022ac4800 Exception <a 'java/io/IOException'> (0x00000007724f2918) thrown at [C:\re\workspace\8-2-build-windows-amd64-cygwin\jdk8u201\12322\hotspot\src\share\vm\prims\jni.cpp, line 709]
Event: 137.279 Thread 0x0000000022ac4800 Exception <a 'java/io/IOException'> (0x000000077298a4b0) thrown at [C:\re\workspace\8-2-build-windows-amd64-cygwin\jdk8u201\12322\hotspot\src\share\vm\prims\jni.cpp, line 709]
Event: 137.279 Thread 0x0000000022ac4800 Exception <a 'java/io/IOException'> (0x000000077298a908) thrown at [C:\re\workspace\8-2-build-windows-amd64-cygwin\jdk8u201\12322\hotspot\src\share\vm\prims\jni.cpp, line 709]
Event: 137.283 Thread 0x0000000022ac4800 Exception <a 'java/lang/ClassNotFoundException': java/lang/ObjectCustomizer> (0x0000000772a0e258) thrown at [C:\re\workspace\8-2-build-windows-amd64-cygwin\jdk8u201\12322\hotspot\src\share\vm\classfile\systemDictionary.cpp, line 210]
Event: 137.284 Thread 0x0000000022ac4800 Exception <a 'java/lang/ClassNotFoundException': nu/borjessons/web/game_backend/ApplicationCustomizer> (0x0000000772a24a00) thrown at [C:\re\workspace\8-2-build-windows-amd64-cygwin\jdk8u201\12322\hotspot\src\share\vm\classfile\systemDictionary.cpp, line 
Event: 137.284 Thread 0x0000000022ac4800 Exception <a 'java/lang/ClassNotFoundException': nu/borjessons/web/game_backend/Application$$EnhancerBySpringCGLIB$$952a5386Customizer> (0x0000000772a3f498) thrown at [C:\re\workspace\8-2-build-windows-amd64-cygwin\jdk8u201\12322\hotspot\src\share\vm\clas
Event: 137.285 Thread 0x0000000022ac4800 Exception <a 'java/lang/ClassNotFoundException': org/springframework/context/annotation/ConfigurationClassEnhancer$EnhancedConfigurationCustomizer> (0x0000000772a5efc0) thrown at [C:\re\workspace\8-2-build-windows-amd64-cygwin\jdk8u201\12322\hotspot\src\s
Event: 137.287 Thread 0x0000000022ac4800 Exception <a 'java/lang/ClassNotFoundException': java/lang/ObjectCustomizer> (0x0000000772a82dc0) thrown at [C:\re\workspace\8-2-build-windows-amd64-cygwin\jdk8u201\12322\hotspot\src\share\vm\classfile\systemDictionary.cpp, line 210]
Event: 137.288 Thread 0x0000000022ac4800 Exception <a 'java/lang/ClassNotFoundException': nu/borjessons/web/game_backend/controllers/HighscoresControllerCustomizer> (0x0000000772a9cd30) thrown at [C:\re\workspace\8-2-build-windows-amd64-cygwin\jdk8u201\12322\hotspot\src\share\vm\classfile\system

Events (10 events):
Event: 137.287 loading class java/lang/ObjectCustomizer
Event: 137.287 loading class java/lang/ObjectCustomizer done
Event: 137.287 loading class java/lang/ObjectCustomizer
Event: 137.287 loading class java/lang/ObjectCustomizer done
Event: 137.288 loading class nu/borjessons/web/game_backend/controllers/HighscoresControllerCustomizer
Event: 137.288 loading class nu/borjessons/web/game_backend/controllers/HighscoresControllerCustomizer done
Event: 137.288 loading class nu/borjessons/web/game_backend/controllers/HighscoresControllerCustomizer
Event: 137.288 loading class nu/borjessons/web/game_backend/controllers/HighscoresControllerCustomizer done
Event: 137.288 loading class nu/borjessons/web/game_backend/controllers/HighscoresControllerCustomizer
Event: 137.288 loading class nu/borjessons/web/game_backend/controllers/HighscoresControllerCustomizer done


Dynamic libraries:
0x00007ff6e9700000 - 0x00007ff6e9737000 	C:\Program Files\Java\jdk1.8.0_201\bin\java.exe
0x00007ffbf5eb0000 - 0x00007ffbf609d000 	C:\WINDOWS\SYSTEM32\ntdll.dll
0x00007ffbf5110000 - 0x00007ffbf51c3000 	C:\WINDOWS\System32\KERNEL32.DLL
0x00007ffbf2cc0000 - 0x00007ffbf2f53000 	C:\WINDOWS\System32\KERNELBASE.dll
0x00007ffbf4c80000 - 0x00007ffbf4d23000 	C:\WINDOWS\System32\ADVAPI32.dll
0x00007ffbf55e0000 - 0x00007ffbf567e000 	C:\WINDOWS\System32\msvcrt.dll
0x00007ffbf5240000 - 0x00007ffbf52de000 	C:\WINDOWS\System32\sechost.dll
0x00007ffbf5690000 - 0x00007ffbf57b2000 	C:\WINDOWS\System32\RPCRT4.dll
0x00007ffbf4df0000 - 0x00007ffbf4f87000 	C:\WINDOWS\System32\USER32.dll
0x00007ffbf2c20000 - 0x00007ffbf2c40000 	C:\WINDOWS\System32\win32u.dll
0x00007ffbf5200000 - 0x00007ffbf5229000 	C:\WINDOWS\System32\GDI32.dll
0x00007ffbf29b0000 - 0x00007ffbf2b4a000 	C:\WINDOWS\System32\gdi32full.dll
0x00007ffbf26d0000 - 0x00007ffbf2770000 	C:\WINDOWS\System32\msvcp_win.dll
0x00007ffbf2f60000 - 0x00007ffbf305a000 	C:\WINDOWS\System32\ucrtbase.dll
0x00007ffbdf9e0000 - 0x00007ffbdfc59000 	C:\WINDOWS\WinSxS\amd64_microsoft.windows.common-controls_6595b64144ccf1df_6.0.17763.379_none_05b83be8071c94a1\COMCTL32.dll
0x00007ffbf57c0000 - 0x00007ffbf5aed000 	C:\WINDOWS\System32\combase.dll
0x00007ffbf2c40000 - 0x00007ffbf2cbe000 	C:\WINDOWS\System32\bcryptPrimitives.dll
0x00007ffbf51d0000 - 0x00007ffbf51fe000 	C:\WINDOWS\System32\IMM32.DLL
0x0000000072910000 - 0x00000000729e1000 	C:\Program Files\Java\jdk1.8.0_201\jre\bin\msvcr100.dll
0x0000000072060000 - 0x0000000072904000 	C:\Program Files\Java\jdk1.8.0_201\jre\bin\server\jvm.dll
0x00007ffbf5680000 - 0x00007ffbf5688000 	C:\WINDOWS\System32\PSAPI.DLL
0x00007ffbde740000 - 0x00007ffbde749000 	C:\WINDOWS\SYSTEM32\WSOCK32.dll
0x00007ffbea8b0000 - 0x00007ffbea8d4000 	C:\WINDOWS\SYSTEM32\WINMM.dll
0x00007ffbe6f70000 - 0x00007ffbe6f7a000 	C:\WINDOWS\SYSTEM32\VERSION.dll
0x00007ffbf5af0000 - 0x00007ffbf5b5d000 	C:\WINDOWS\System32\WS2_32.dll
0x00007ffbea880000 - 0x00007ffbea8ad000 	C:\WINDOWS\SYSTEM32\WINMMBASE.dll
0x00007ffbf3090000 - 0x00007ffbf30da000 	C:\WINDOWS\System32\cfgmgr32.dll
0x00007ffbeb550000 - 0x00007ffbeb55f000 	C:\Program Files\Java\jdk1.8.0_201\jre\bin\verify.dll
0x00007ffbeb520000 - 0x00007ffbeb549000 	C:\Program Files\Java\jdk1.8.0_201\jre\bin\java.dll
0x00007ffbeb4b0000 - 0x00007ffbeb4c6000 	C:\Program Files\Java\jdk1.8.0_201\jre\bin\zip.dll
0x00007ffbf3790000 - 0x00007ffbf4c80000 	C:\WINDOWS\System32\SHELL32.dll
0x00007ffbf5dd0000 - 0x00007ffbf5e78000 	C:\WINDOWS\System32\shcore.dll
0x00007ffbf1f80000 - 0x00007ffbf26ca000 	C:\WINDOWS\System32\windows.storage.dll
0x00007ffbf1f50000 - 0x00007ffbf1f74000 	C:\WINDOWS\System32\profapi.dll
0x00007ffbf1eb0000 - 0x00007ffbf1f0d000 	C:\WINDOWS\System32\powrprof.dll
0x00007ffbf4d30000 - 0x00007ffbf4d82000 	C:\WINDOWS\System32\shlwapi.dll
0x00007ffbf1f30000 - 0x00007ffbf1f41000 	C:\WINDOWS\System32\kernel.appcore.dll
0x00007ffbf2b50000 - 0x00007ffbf2b67000 	C:\WINDOWS\System32\cryptsp.dll
0x00007ffbea8f0000 - 0x00007ffbea8fd000 	C:\Program Files\Java\jdk1.8.0_201\jre\bin\management.dll
0x00007ffbeb490000 - 0x00007ffbeb4aa000 	C:\Program Files\Java\jdk1.8.0_201\jre\bin\net.dll
0x00007ffbe03e0000 - 0x00007ffbe05b6000 	C:\WINDOWS\SYSTEM32\urlmon.dll
0x00007ffbdf730000 - 0x00007ffbdf9d8000 	C:\WINDOWS\SYSTEM32\iertutil.dll
0x00007ffbf1900000 - 0x00007ffbf190c000 	C:\WINDOWS\SYSTEM32\CRYPTBASE.DLL
0x00007ffbf1730000 - 0x00007ffbf1797000 	C:\WINDOWS\system32\mswsock.dll
0x00007ffbdb410000 - 0x00007ffbdb426000 	C:\WINDOWS\system32\napinsp.dll
0x00007ffbdaa50000 - 0x00007ffbdaa6a000 	C:\WINDOWS\system32\pnrpnsp.dll
0x00007ffbf14d0000 - 0x00007ffbf1596000 	C:\WINDOWS\SYSTEM32\DNSAPI.dll
0x00007ffbf5230000 - 0x00007ffbf5238000 	C:\WINDOWS\System32\NSI.dll
0x00007ffbf1490000 - 0x00007ffbf14cd000 	C:\WINDOWS\SYSTEM32\IPHLPAPI.DLL
0x00007ffbda190000 - 0x00007ffbda19e000 	C:\WINDOWS\System32\winrnr.dll
0x00007ffbeb2b0000 - 0x00007ffbeb2cb000 	C:\WINDOWS\system32\NLAapi.dll
0x00007ffbe9df0000 - 0x00007ffbe9e05000 	C:\WINDOWS\system32\wshbth.dll
0x00007ffbdf090000 - 0x00007ffbdf09a000 	C:\Windows\System32\rasadhlp.dll
0x00007ffbdf3f0000 - 0x00007ffbdf469000 	C:\WINDOWS\System32\fwpuclnt.dll
0x00007ffbf3060000 - 0x00007ffbf3086000 	C:\WINDOWS\System32\bcrypt.dll
0x00007ffbea5b0000 - 0x00007ffbea5c1000 	C:\Program Files\Java\jdk1.8.0_201\jre\bin\nio.dll
0x00007ffbf12f0000 - 0x00007ffbf1323000 	C:\WINDOWS\system32\rsaenh.dll
0x00007ffbf1db0000 - 0x00007ffbf1dd8000 	C:\WINDOWS\SYSTEM32\USERENV.dll
0x00007ffbe25c0000 - 0x00007ffbe25d6000 	C:\WINDOWS\SYSTEM32\dhcpcsvc6.DLL
0x00007ffbe2e70000 - 0x00007ffbe2e8c000 	C:\WINDOWS\SYSTEM32\dhcpcsvc.DLL
0x00007ffbe8a10000 - 0x00007ffbe8a34000 	C:\Program Files\Java\jdk1.8.0_201\jre\bin\sunec.dll
0x00007ffbe9b20000 - 0x00007ffbe9b2b000 	C:\Program Files\Java\jdk1.8.0_201\jre\bin\sunmscapi.dll
0x00007ffbf27d0000 - 0x00007ffbf29ab000 	C:\WINDOWS\System32\CRYPT32.dll
0x00007ffbf1f10000 - 0x00007ffbf1f22000 	C:\WINDOWS\System32\MSASN1.dll

VM Arguments:
jvm_args: -Dfile.encoding=UTF-8 
java_command: nu.borjessons.web.game_backend.Application
java_class_path (initial): C:\Users\robin\eclipse-workspace\game-backend\target\classes;C:\Users\robin\.m2\repository\org\springframework\boot\spring-boot-starter-web\2.0.5.RELEASE\spring-boot-starter-web-2.0.5.RELEASE.jar;C:\Users\robin\.m2\repository\org\springframework\boot\spring-boot-starter\2.0.5.RELEASE\spring-boot-starter-2.0.5.RELEASE.jar;C:\Users\robin\.m2\repository\org\springframework\boot\spring-boot-starter-logging\2.0.5.RELEASE\spring-boot-starter-logging-2.0.5.RELEASE.jar;C:\Users\robin\.m2\repository\ch\qos\logback\logback-classic\1.2.3\logback-classic-1.2.3.jar;C:\Users\robin\.m2\repository\ch\qos\logback\logback-core\1.2.3\logback-core-1.2.3.jar;C:\Users\robin\.m2\repository\org\apache\logging\log4j\log4j-to-slf4j\2.10.0\log4j-to-slf4j-2.10.0.jar;C:\Users\robin\.m2\repository\org\apache\logging\log4j\log4j-api\2.10.0\log4j-api-2.10.0.jar;C:\Users\robin\.m2\repository\org\slf4j\jul-to-slf4j\1.7.25\jul-to-slf4j-1.7.25.jar;C:\Users\robin\.m2\repository\javax\annotation\javax.annotation-api\1.3.2\javax.annotation-api-1.3.2.jar;C:\Users\robin\.m2\repository\org\yaml\snakeyaml\1.19\snakeyaml-1.19.jar;C:\Users\robin\.m2\repository\org\springframework\boot\spring-boot-starter-json\2.0.5.RELEASE\spring-boot-starter-json-2.0.5.RELEASE.jar;C:\Users\robin\.m2\repository\com\fasterxml\jackson\core\jackson-databind\2.9.6\jackson-databind-2.9.6.jar;C:\Users\robin\.m2\repository\com\fasterxml\jackson\core\jackson-annotations\2.9.0\jackson-annotations-2.9.0.jar;C:\Users\robin\.m2\repository\com\fasterxml\jackson\core\jackson-core\2.9.6\jackson-core-2.9.6.jar;C:\Users\robin\.m2\repository\com\fasterxml\jackson\datatype\jackson-datatype-jdk8\2.9.6\jackson-datatype-jdk8-2.9.6.jar;C:\Users\robin\.m2\repository\com\fasterxml\jackson\datatype\jackson-datatype-jsr310\2.9.6\jackson-datatype-jsr310-2.9.6.jar;C:\Users\robin\.m2\repository\com\fasterxml\jackson\module\jackson-module-parameter-names\2.9.6\jackson-module-parameter-names-2.9.6.jar;C:\Users\robin\.m2\repositor
Launcher Type: SUN_STANDARD

Environment Variables:
JAVA_HOME=C:\Program Files\Java\jdk1.8.0_201
USERNAME=robin
OS=Windows_NT
PROCESSOR_IDENTIFIER=Intel64 Family 6 Model 158 Stepping 9, GenuineIntel



---------------  S Y S T E M  ---------------

OS: Windows 10.0 , 64 bit Build 17763 (10.0.17763.379)

CPU:total 8 (initial active 8) (4 cores per cpu, 2 threads per core) family 6 model 158 stepping 9, cmov, cx8, fxsr, mmx, sse, sse2, sse3, ssse3, sse4.1, sse4.2, popcnt, avx, avx2, aes, clmul, erms, 3dnowpref, lzcnt, ht, tsc, tscinvbit, bmi1, bmi2, adx

Memory: 4k page, physical 16625656k(6693852k free), swap 17674232k(5444k free)

vm_info: Java HotSpot(TM) 64-Bit Server VM (25.201-b09) for windows-amd64 JRE (1.8.0_201-b09), built on Dec 15 2018 18:36:39 by "java_re" with MS VC++ 10.0 (VS2010)

time: Sun Mar 31 20:03:21 2019
timezone: Västeuropa, sommartid
elapsed time: 137 seconds (0d 0h 2m 17s)

